<?xml version="1.0" encoding="UTF-8"?>
<!-- Generated by org.testng.reporters.JUnitReportReporter -->
<testsuite hostname="IBM-PF3DZ8GN" failures="0" tests="5" name="parallel.TestngRunner" time="110.023" errors="0" timestamp="2022-12-13T16:17:54 IST" skipped="0">
  <testcase classname="parallel.TestngRunner" name="runScenario" time="45.141"/>
  <system-out/>
  <testcase classname="parallel.TestngRunner" name="runScenario" time="11.013"/>
  <system-out/>
  <testcase classname="parallel.TestngRunner" name="runScenario" time="11.721"/>
  <system-out/>
  <testcase classname="parallel.TestngRunner" name="runScenario" time="24.835"/>
  <system-out/>
  <testcase classname="parallel.TestngRunner" name="runScenario" time="17.313"/>
  <system-out/>
</testsuite> <!-- parallel.TestngRunner -->
